{"/home/marina/hexlet/frontend-project/src/index.js": {"path":"/home/marina/hexlet/frontend-project/src/index.js","all":false,"statementMap":{"0":{"start":{"line":1,"column":0},"end":{"line":1,"column":20}},"1":{"start":{"line":2,"column":0},"end":{"line":2,"column":24}},"2":{"start":{"line":3,"column":0},"end":{"line":3,"column":23}},"3":{"start":{"line":4,"column":0},"end":{"line":4,"column":33}},"4":{"start":{"line":5,"column":0},"end":{"line":5,"column":47}},"5":{"start":{"line":6,"column":0},"end":{"line":6,"column":0}},"6":{"start":{"line":7,"column":0},"end":{"line":7,"column":39}},"7":{"start":{"line":8,"column":0},"end":{"line":8,"column":74}},"8":{"start":{"line":9,"column":0},"end":{"line":9,"column":36}},"9":{"start":{"line":10,"column":0},"end":{"line":10,"column":24}},"10":{"start":{"line":11,"column":0},"end":{"line":11,"column":3}},"11":{"start":{"line":12,"column":0},"end":{"line":12,"column":32}},"12":{"start":{"line":13,"column":0},"end":{"line":13,"column":20}},"13":{"start":{"line":14,"column":0},"end":{"line":14,"column":3}},"14":{"start":{"line":15,"column":0},"end":{"line":15,"column":51}},"15":{"start":{"line":16,"column":0},"end":{"line":16,"column":2}},"16":{"start":{"line":17,"column":0},"end":{"line":17,"column":0}},"17":{"start":{"line":18,"column":0},"end":{"line":18,"column":68}},"18":{"start":{"line":19,"column":0},"end":{"line":19,"column":0}},"19":{"start":{"line":20,"column":0},"end":{"line":20,"column":32}},"20":{"start":{"line":21,"column":0},"end":{"line":21,"column":52}},"21":{"start":{"line":22,"column":0},"end":{"line":22,"column":41}},"22":{"start":{"line":23,"column":0},"end":{"line":23,"column":32}},"23":{"start":{"line":24,"column":0},"end":{"line":24,"column":2}},"24":{"start":{"line":25,"column":0},"end":{"line":25,"column":0}},"25":{"start":{"line":26,"column":0},"end":{"line":26,"column":37}},"26":{"start":{"line":27,"column":0},"end":{"line":27,"column":60}},"27":{"start":{"line":28,"column":0},"end":{"line":28,"column":0}},"28":{"start":{"line":29,"column":0},"end":{"line":29,"column":28}},"29":{"start":{"line":30,"column":0},"end":{"line":30,"column":29}},"30":{"start":{"line":31,"column":0},"end":{"line":31,"column":57}},"31":{"start":{"line":32,"column":0},"end":{"line":32,"column":5}},"32":{"start":{"line":33,"column":0},"end":{"line":33,"column":29}},"33":{"start":{"line":34,"column":0},"end":{"line":34,"column":55}},"34":{"start":{"line":35,"column":0},"end":{"line":35,"column":5}},"35":{"start":{"line":36,"column":0},"end":{"line":36,"column":44}},"36":{"start":{"line":37,"column":0},"end":{"line":37,"column":59}},"37":{"start":{"line":38,"column":0},"end":{"line":38,"column":5}},"38":{"start":{"line":39,"column":0},"end":{"line":39,"column":69}},"39":{"start":{"line":40,"column":0},"end":{"line":40,"column":82}},"40":{"start":{"line":41,"column":0},"end":{"line":41,"column":5}},"41":{"start":{"line":42,"column":0},"end":{"line":42,"column":12}},"42":{"start":{"line":43,"column":0},"end":{"line":43,"column":10}},"43":{"start":{"line":44,"column":0},"end":{"line":44,"column":27}},"44":{"start":{"line":45,"column":0},"end":{"line":45,"column":27}},"45":{"start":{"line":46,"column":0},"end":{"line":46,"column":22}},"46":{"start":{"line":47,"column":0},"end":{"line":47,"column":6}},"47":{"start":{"line":48,"column":0},"end":{"line":48,"column":5}},"48":{"start":{"line":49,"column":0},"end":{"line":49,"column":2}},"49":{"start":{"line":50,"column":0},"end":{"line":50,"column":0}},"50":{"start":{"line":51,"column":0},"end":{"line":51,"column":66}},"51":{"start":{"line":52,"column":0},"end":{"line":52,"column":7}},"52":{"start":{"line":53,"column":0},"end":{"line":53,"column":53}},"53":{"start":{"line":54,"column":0},"end":{"line":54,"column":53}},"54":{"start":{"line":55,"column":0},"end":{"line":55,"column":0}},"55":{"start":{"line":56,"column":0},"end":{"line":56,"column":42}},"56":{"start":{"line":57,"column":0},"end":{"line":57,"column":42}},"57":{"start":{"line":58,"column":0},"end":{"line":58,"column":0}},"58":{"start":{"line":59,"column":0},"end":{"line":59,"column":41}},"59":{"start":{"line":60,"column":0},"end":{"line":60,"column":40}},"60":{"start":{"line":61,"column":0},"end":{"line":61,"column":19}},"61":{"start":{"line":62,"column":0},"end":{"line":62,"column":33}},"62":{"start":{"line":63,"column":0},"end":{"line":63,"column":20}},"63":{"start":{"line":64,"column":0},"end":{"line":64,"column":3}},"64":{"start":{"line":65,"column":0},"end":{"line":65,"column":2}}},"s":{"0":1,"1":1,"2":1,"3":1,"4":1,"5":1,"6":1,"7":6,"8":6,"9":0,"10":0,"11":6,"12":6,"13":6,"14":0,"15":0,"16":1,"17":1,"18":1,"19":1,"20":6,"21":6,"22":6,"23":6,"24":1,"25":1,"26":15,"27":15,"28":15,"29":54,"30":6,"31":6,"32":54,"33":15,"34":15,"35":54,"36":9,"37":9,"38":54,"39":12,"40":12,"41":12,"42":12,"43":12,"44":12,"45":12,"46":12,"47":15,"48":15,"49":1,"50":1,"51":3,"52":3,"53":3,"54":3,"55":3,"56":3,"57":3,"58":3,"59":3,"60":3,"61":0,"62":0,"63":0,"64":3},"branchMap":{"0":{"type":"branch","line":7,"loc":{"start":{"line":7,"column":25},"end":{"line":16,"column":2}},"locations":[{"start":{"line":7,"column":25},"end":{"line":16,"column":2}}]},"1":{"type":"branch","line":9,"loc":{"start":{"line":9,"column":35},"end":{"line":11,"column":3}},"locations":[{"start":{"line":9,"column":35},"end":{"line":11,"column":3}}]},"2":{"type":"branch","line":14,"loc":{"start":{"line":14,"column":2},"end":{"line":16,"column":2}},"locations":[{"start":{"line":14,"column":2},"end":{"line":16,"column":2}}]},"3":{"type":"branch","line":18,"loc":{"start":{"line":18,"column":23},"end":{"line":18,"column":67}},"locations":[{"start":{"line":18,"column":23},"end":{"line":18,"column":67}}]},"4":{"type":"branch","line":20,"loc":{"start":{"line":20,"column":18},"end":{"line":24,"column":2}},"locations":[{"start":{"line":20,"column":18},"end":{"line":24,"column":2}}]},"5":{"type":"branch","line":26,"loc":{"start":{"line":26,"column":18},"end":{"line":49,"column":2}},"locations":[{"start":{"line":26,"column":18},"end":{"line":49,"column":2}}]},"6":{"type":"branch","line":29,"loc":{"start":{"line":29,"column":19},"end":{"line":48,"column":3}},"locations":[{"start":{"line":29,"column":19},"end":{"line":48,"column":3}}]},"7":{"type":"branch","line":30,"loc":{"start":{"line":30,"column":28},"end":{"line":32,"column":5}},"locations":[{"start":{"line":30,"column":28},"end":{"line":32,"column":5}}]},"8":{"type":"branch","line":32,"loc":{"start":{"line":32,"column":4},"end":{"line":33,"column":28}},"locations":[{"start":{"line":32,"column":4},"end":{"line":33,"column":28}}]},"9":{"type":"branch","line":33,"loc":{"start":{"line":33,"column":28},"end":{"line":35,"column":5}},"locations":[{"start":{"line":33,"column":28},"end":{"line":35,"column":5}}]},"10":{"type":"branch","line":35,"loc":{"start":{"line":35,"column":4},"end":{"line":36,"column":43}},"locations":[{"start":{"line":35,"column":4},"end":{"line":36,"column":43}}]},"11":{"type":"branch","line":36,"loc":{"start":{"line":36,"column":43},"end":{"line":38,"column":5}},"locations":[{"start":{"line":36,"column":43},"end":{"line":38,"column":5}}]},"12":{"type":"branch","line":38,"loc":{"start":{"line":38,"column":4},"end":{"line":39,"column":39}},"locations":[{"start":{"line":38,"column":4},"end":{"line":39,"column":39}}]},"13":{"type":"branch","line":39,"loc":{"start":{"line":39,"column":35},"end":{"line":39,"column":66}},"locations":[{"start":{"line":39,"column":35},"end":{"line":39,"column":66}}]},"14":{"type":"branch","line":39,"loc":{"start":{"line":39,"column":68},"end":{"line":48,"column":3}},"locations":[{"start":{"line":39,"column":68},"end":{"line":48,"column":3}}]},"15":{"type":"branch","line":51,"loc":{"start":{"line":51,"column":15},"end":{"line":65,"column":2}},"locations":[{"start":{"line":51,"column":15},"end":{"line":65,"column":2}}]},"16":{"type":"branch","line":61,"loc":{"start":{"line":61,"column":4},"end":{"line":64,"column":3}},"locations":[{"start":{"line":61,"column":4},"end":{"line":64,"column":3}}]}},"b":{"0":[6],"1":[0],"2":[0],"3":[6],"4":[6],"5":[15],"6":[54],"7":[6],"8":[48],"9":[15],"10":[33],"11":[9],"12":[24],"13":[15],"14":[12],"15":[3],"16":[0]},"fnMap":{"0":{"name":"getAbsolutePath","decl":{"start":{"line":7,"column":25},"end":{"line":16,"column":2}},"loc":{"start":{"line":7,"column":25},"end":{"line":16,"column":2}},"line":7},"1":{"name":"getFileFormat","decl":{"start":{"line":18,"column":23},"end":{"line":18,"column":67}},"loc":{"start":{"line":18,"column":23},"end":{"line":18,"column":67}},"line":18},"2":{"name":"readFile","decl":{"start":{"line":20,"column":18},"end":{"line":24,"column":2}},"loc":{"start":{"line":20,"column":18},"end":{"line":24,"column":2}},"line":20},"3":{"name":"buildDiff","decl":{"start":{"line":26,"column":18},"end":{"line":49,"column":2}},"loc":{"start":{"line":26,"column":18},"end":{"line":49,"column":2}},"line":26},"4":{"name":"default","decl":{"start":{"line":51,"column":15},"end":{"line":65,"column":2}},"loc":{"start":{"line":51,"column":15},"end":{"line":65,"column":2}},"line":51}},"f":{"0":6,"1":6,"2":6,"3":15,"4":3}}
,"/home/marina/hexlet/frontend-project/src/parsers.js": {"path":"/home/marina/hexlet/frontend-project/src/parsers.js","all":false,"statementMap":{"0":{"start":{"line":1,"column":0},"end":{"line":1,"column":24}},"1":{"start":{"line":2,"column":0},"end":{"line":2,"column":0}},"2":{"start":{"line":3,"column":0},"end":{"line":3,"column":17}},"3":{"start":{"line":4,"column":0},"end":{"line":4,"column":19}},"4":{"start":{"line":5,"column":0},"end":{"line":5,"column":19}},"5":{"start":{"line":6,"column":0},"end":{"line":6,"column":18}},"6":{"start":{"line":7,"column":0},"end":{"line":7,"column":2}},"7":{"start":{"line":8,"column":0},"end":{"line":8,"column":0}},"8":{"start":{"line":9,"column":0},"end":{"line":9,"column":35}},"9":{"start":{"line":10,"column":0},"end":{"line":10,"column":7}},"10":{"start":{"line":11,"column":0},"end":{"line":11,"column":34}},"11":{"start":{"line":12,"column":0},"end":{"line":12,"column":19}},"12":{"start":{"line":13,"column":0},"end":{"line":13,"column":46}},"13":{"start":{"line":14,"column":0},"end":{"line":14,"column":3}},"14":{"start":{"line":15,"column":0},"end":{"line":15,"column":2}}},"s":{"0":1,"1":1,"2":1,"3":1,"4":1,"5":1,"6":1,"7":1,"8":1,"9":6,"10":6,"11":6,"12":0,"13":0,"14":6},"branchMap":{"0":{"type":"branch","line":9,"loc":{"start":{"line":9,"column":15},"end":{"line":15,"column":2}},"locations":[{"start":{"line":9,"column":15},"end":{"line":15,"column":2}}]},"1":{"type":"branch","line":12,"loc":{"start":{"line":12,"column":4},"end":{"line":14,"column":3}},"locations":[{"start":{"line":12,"column":4},"end":{"line":14,"column":3}}]}},"b":{"0":[6],"1":[0]},"fnMap":{"0":{"name":"default","decl":{"start":{"line":9,"column":15},"end":{"line":15,"column":2}},"loc":{"start":{"line":9,"column":15},"end":{"line":15,"column":2}},"line":9}},"f":{"0":6}}
,"/home/marina/hexlet/frontend-project/src/formatters/index.js": {"path":"/home/marina/hexlet/frontend-project/src/formatters/index.js","all":false,"statementMap":{"0":{"start":{"line":1,"column":0},"end":{"line":1,"column":41}},"1":{"start":{"line":2,"column":0},"end":{"line":2,"column":37}},"2":{"start":{"line":3,"column":0},"end":{"line":3,"column":35}},"3":{"start":{"line":4,"column":0},"end":{"line":4,"column":0}},"4":{"start":{"line":5,"column":0},"end":{"line":5,"column":20}},"5":{"start":{"line":6,"column":0},"end":{"line":6,"column":25}},"6":{"start":{"line":7,"column":0},"end":{"line":7,"column":21}},"7":{"start":{"line":8,"column":0},"end":{"line":8,"column":19}},"8":{"start":{"line":9,"column":0},"end":{"line":9,"column":2}},"9":{"start":{"line":10,"column":0},"end":{"line":10,"column":0}},"10":{"start":{"line":11,"column":0},"end":{"line":11,"column":50}},"11":{"start":{"line":12,"column":0},"end":{"line":12,"column":43}},"12":{"start":{"line":13,"column":0},"end":{"line":13,"column":19}},"13":{"start":{"line":14,"column":0},"end":{"line":14,"column":53}},"14":{"start":{"line":15,"column":0},"end":{"line":15,"column":3}},"15":{"start":{"line":16,"column":0},"end":{"line":16,"column":25}},"16":{"start":{"line":17,"column":0},"end":{"line":17,"column":2}}},"s":{"0":1,"1":1,"2":1,"3":1,"4":1,"5":1,"6":1,"7":1,"8":1,"9":1,"10":1,"11":3,"12":3,"13":0,"14":0,"15":3,"16":3},"branchMap":{"0":{"type":"branch","line":11,"loc":{"start":{"line":11,"column":15},"end":{"line":17,"column":2}},"locations":[{"start":{"line":11,"column":15},"end":{"line":17,"column":2}}]},"1":{"type":"branch","line":13,"loc":{"start":{"line":13,"column":18},"end":{"line":15,"column":3}},"locations":[{"start":{"line":13,"column":18},"end":{"line":15,"column":3}}]}},"b":{"0":[3],"1":[0]},"fnMap":{"0":{"name":"default","decl":{"start":{"line":11,"column":15},"end":{"line":17,"column":2}},"loc":{"start":{"line":11,"column":15},"end":{"line":17,"column":2}},"line":11}},"f":{"0":3}}
,"/home/marina/hexlet/frontend-project/src/formatters/json.js": {"path":"/home/marina/hexlet/frontend-project/src/formatters/json.js","all":false,"statementMap":{"0":{"start":{"line":1,"column":0},"end":{"line":1,"column":30}},"1":{"start":{"line":2,"column":0},"end":{"line":2,"column":58}},"2":{"start":{"line":3,"column":0},"end":{"line":3,"column":33}},"3":{"start":{"line":4,"column":0},"end":{"line":4,"column":33}},"4":{"start":{"line":5,"column":0},"end":{"line":5,"column":2}},"5":{"start":{"line":6,"column":0},"end":{"line":6,"column":21}},"6":{"start":{"line":7,"column":0},"end":{"line":7,"column":22}},"7":{"start":{"line":8,"column":0},"end":{"line":8,"column":69}},"8":{"start":{"line":9,"column":0},"end":{"line":9,"column":21}},"9":{"start":{"line":10,"column":0},"end":{"line":10,"column":48}},"10":{"start":{"line":11,"column":0},"end":{"line":11,"column":23}},"11":{"start":{"line":12,"column":0},"end":{"line":12,"column":48}},"12":{"start":{"line":13,"column":0},"end":{"line":13,"column":23}},"13":{"start":{"line":14,"column":0},"end":{"line":14,"column":79}},"14":{"start":{"line":15,"column":0},"end":{"line":15,"column":25}},"15":{"start":{"line":16,"column":0},"end":{"line":16,"column":48}},"16":{"start":{"line":17,"column":0},"end":{"line":17,"column":16}},"17":{"start":{"line":18,"column":0},"end":{"line":18,"column":51}},"18":{"start":{"line":19,"column":0},"end":{"line":19,"column":7}},"19":{"start":{"line":20,"column":0},"end":{"line":20,"column":7}},"20":{"start":{"line":21,"column":0},"end":{"line":21,"column":2}},"21":{"start":{"line":22,"column":0},"end":{"line":22,"column":56}},"22":{"start":{"line":23,"column":0},"end":{"line":23,"column":4}},"23":{"start":{"line":24,"column":0},"end":{"line":24,"column":2}},"24":{"start":{"line":25,"column":0},"end":{"line":25,"column":28}}},"s":{"0":1,"1":1,"2":18,"3":18,"4":18,"5":18,"6":18,"7":4,"8":18,"9":5,"10":18,"11":2,"12":18,"13":4,"14":18,"15":3,"16":18,"17":0,"18":18,"19":1,"20":1,"21":1,"22":1,"23":1,"24":1},"branchMap":{"0":{"type":"branch","line":1,"loc":{"start":{"line":1,"column":20},"end":{"line":23,"column":4}},"locations":[{"start":{"line":1,"column":20},"end":{"line":23,"column":4}}]},"1":{"type":"branch","line":2,"loc":{"start":{"line":2,"column":27},"end":{"line":20,"column":6}},"locations":[{"start":{"line":2,"column":27},"end":{"line":20,"column":6}}]},"2":{"type":"branch","line":2,"loc":{"start":{"line":2,"column":48},"end":{"line":20,"column":5}},"locations":[{"start":{"line":2,"column":48},"end":{"line":20,"column":5}}]},"3":{"type":"branch","line":7,"loc":{"start":{"line":7,"column":8},"end":{"line":8,"column":69}},"locations":[{"start":{"line":7,"column":8},"end":{"line":8,"column":69}}]},"4":{"type":"branch","line":9,"loc":{"start":{"line":9,"column":8},"end":{"line":10,"column":48}},"locations":[{"start":{"line":9,"column":8},"end":{"line":10,"column":48}}]},"5":{"type":"branch","line":11,"loc":{"start":{"line":11,"column":8},"end":{"line":12,"column":48}},"locations":[{"start":{"line":11,"column":8},"end":{"line":12,"column":48}}]},"6":{"type":"branch","line":13,"loc":{"start":{"line":13,"column":8},"end":{"line":14,"column":79}},"locations":[{"start":{"line":13,"column":8},"end":{"line":14,"column":79}}]},"7":{"type":"branch","line":15,"loc":{"start":{"line":15,"column":8},"end":{"line":16,"column":48}},"locations":[{"start":{"line":15,"column":8},"end":{"line":16,"column":48}}]},"8":{"type":"branch","line":17,"loc":{"start":{"line":17,"column":8},"end":{"line":18,"column":51}},"locations":[{"start":{"line":17,"column":8},"end":{"line":18,"column":51}}]}},"b":{"0":[1],"1":[5],"2":[18],"3":[4],"4":[5],"5":[2],"6":[4],"7":[3],"8":[0]},"fnMap":{"0":{"name":"formatJson","decl":{"start":{"line":1,"column":20},"end":{"line":23,"column":4}},"loc":{"start":{"line":1,"column":20},"end":{"line":23,"column":4}},"line":1},"1":{"name":"buildJsonDiff","decl":{"start":{"line":2,"column":27},"end":{"line":20,"column":6}},"loc":{"start":{"line":2,"column":27},"end":{"line":20,"column":6}},"line":2}},"f":{"0":1,"1":5}}
,"/home/marina/hexlet/frontend-project/src/formatters/plain.js": {"path":"/home/marina/hexlet/frontend-project/src/formatters/plain.js","all":false,"statementMap":{"0":{"start":{"line":1,"column":0},"end":{"line":1,"column":32}},"1":{"start":{"line":2,"column":0},"end":{"line":2,"column":54}},"2":{"start":{"line":3,"column":0},"end":{"line":3,"column":31}},"3":{"start":{"line":4,"column":0},"end":{"line":4,"column":5}},"4":{"start":{"line":5,"column":0},"end":{"line":5,"column":36}},"5":{"start":{"line":6,"column":0},"end":{"line":6,"column":26}},"6":{"start":{"line":7,"column":0},"end":{"line":7,"column":5}},"7":{"start":{"line":8,"column":0},"end":{"line":8,"column":25}},"8":{"start":{"line":9,"column":0},"end":{"line":9,"column":4}},"9":{"start":{"line":10,"column":0},"end":{"line":10,"column":2}},"10":{"start":{"line":11,"column":0},"end":{"line":11,"column":42}},"11":{"start":{"line":12,"column":0},"end":{"line":12,"column":48}},"12":{"start":{"line":13,"column":0},"end":{"line":13,"column":2}},"13":{"start":{"line":14,"column":0},"end":{"line":14,"column":50}},"14":{"start":{"line":15,"column":0},"end":{"line":15,"column":42}},"15":{"start":{"line":16,"column":0},"end":{"line":16,"column":58}},"16":{"start":{"line":17,"column":0},"end":{"line":17,"column":2}},"17":{"start":{"line":18,"column":0},"end":{"line":18,"column":26}},"18":{"start":{"line":19,"column":0},"end":{"line":19,"column":21}},"19":{"start":{"line":20,"column":0},"end":{"line":20,"column":94}},"20":{"start":{"line":21,"column":0},"end":{"line":21,"column":23}},"21":{"start":{"line":22,"column":0},"end":{"line":22,"column":57}},"22":{"start":{"line":23,"column":0},"end":{"line":23,"column":23}},"23":{"start":{"line":24,"column":0},"end":{"line":24,"column":126}},"24":{"start":{"line":25,"column":0},"end":{"line":25,"column":22}},"25":{"start":{"line":26,"column":0},"end":{"line":26,"column":57}},"26":{"start":{"line":27,"column":0},"end":{"line":27,"column":25}},"27":{"start":{"line":28,"column":0},"end":{"line":28,"column":20}},"28":{"start":{"line":29,"column":0},"end":{"line":29,"column":16}},"29":{"start":{"line":30,"column":0},"end":{"line":30,"column":56}},"30":{"start":{"line":31,"column":0},"end":{"line":31,"column":7}},"31":{"start":{"line":32,"column":0},"end":{"line":32,"column":7}},"32":{"start":{"line":33,"column":0},"end":{"line":33,"column":2}},"33":{"start":{"line":34,"column":0},"end":{"line":34,"column":28}},"34":{"start":{"line":35,"column":0},"end":{"line":35,"column":4}},"35":{"start":{"line":36,"column":0},"end":{"line":36,"column":2}},"36":{"start":{"line":37,"column":0},"end":{"line":37,"column":29}}},"s":{"0":1,"1":13,"2":3,"3":3,"4":13,"5":7,"6":7,"7":3,"8":3,"9":1,"10":1,"11":1,"12":1,"13":1,"14":5,"15":18,"16":18,"17":18,"18":18,"19":5,"20":18,"21":2,"22":18,"23":4,"24":18,"25":4,"26":18,"27":3,"28":18,"29":0,"30":18,"31":5,"32":5,"33":5,"34":5,"35":1,"36":1},"branchMap":{"0":{"type":"branch","line":1,"loc":{"start":{"line":1,"column":21},"end":{"line":9,"column":4}},"locations":[{"start":{"line":1,"column":21},"end":{"line":9,"column":4}}]},"1":{"type":"branch","line":2,"loc":{"start":{"line":2,"column":33},"end":{"line":2,"column":51}},"locations":[{"start":{"line":2,"column":33},"end":{"line":2,"column":51}}]},"2":{"type":"branch","line":2,"loc":{"start":{"line":2,"column":53},"end":{"line":4,"column":5}},"locations":[{"start":{"line":2,"column":53},"end":{"line":4,"column":5}}]},"3":{"type":"branch","line":4,"loc":{"start":{"line":4,"column":4},"end":{"line":5,"column":35}},"locations":[{"start":{"line":4,"column":4},"end":{"line":5,"column":35}}]},"4":{"type":"branch","line":5,"loc":{"start":{"line":5,"column":35},"end":{"line":7,"column":5}},"locations":[{"start":{"line":5,"column":35},"end":{"line":7,"column":5}}]},"5":{"type":"branch","line":7,"loc":{"start":{"line":7,"column":4},"end":{"line":9,"column":4}},"locations":[{"start":{"line":7,"column":4},"end":{"line":9,"column":4}}]},"6":{"type":"branch","line":11,"loc":{"start":{"line":11,"column":20},"end":{"line":12,"column":47}},"locations":[{"start":{"line":11,"column":20},"end":{"line":12,"column":47}}]},"7":{"type":"branch","line":12,"loc":{"start":{"line":12,"column":15},"end":{"line":12,"column":41}},"locations":[{"start":{"line":12,"column":15},"end":{"line":12,"column":41}}]},"8":{"type":"branch","line":12,"loc":{"start":{"line":12,"column":41},"end":{"line":12,"column":47}},"locations":[{"start":{"line":12,"column":41},"end":{"line":12,"column":47}}]},"9":{"type":"branch","line":14,"loc":{"start":{"line":14,"column":22},"end":{"line":35,"column":4}},"locations":[{"start":{"line":14,"column":22},"end":{"line":35,"column":4}}]},"10":{"type":"branch","line":15,"loc":{"start":{"line":15,"column":32},"end":{"line":32,"column":5}},"locations":[{"start":{"line":15,"column":32},"end":{"line":32,"column":5}}]},"11":{"type":"branch","line":19,"loc":{"start":{"line":19,"column":8},"end":{"line":20,"column":94}},"locations":[{"start":{"line":19,"column":8},"end":{"line":20,"column":94}}]},"12":{"type":"branch","line":21,"loc":{"start":{"line":21,"column":8},"end":{"line":22,"column":57}},"locations":[{"start":{"line":21,"column":8},"end":{"line":22,"column":57}}]},"13":{"type":"branch","line":23,"loc":{"start":{"line":23,"column":8},"end":{"line":24,"column":126}},"locations":[{"start":{"line":23,"column":8},"end":{"line":24,"column":126}}]},"14":{"type":"branch","line":25,"loc":{"start":{"line":25,"column":8},"end":{"line":26,"column":57}},"locations":[{"start":{"line":25,"column":8},"end":{"line":26,"column":57}}]},"15":{"type":"branch","line":27,"loc":{"start":{"line":27,"column":8},"end":{"line":28,"column":20}},"locations":[{"start":{"line":27,"column":8},"end":{"line":28,"column":20}}]},"16":{"type":"branch","line":29,"loc":{"start":{"line":29,"column":8},"end":{"line":30,"column":56}},"locations":[{"start":{"line":29,"column":8},"end":{"line":30,"column":56}}]}},"b":{"0":[13],"1":[4],"2":[3],"3":[10],"4":[7],"5":[3],"6":[18],"7":[14],"8":[4],"9":[5],"10":[18],"11":[5],"12":[2],"13":[4],"14":[4],"15":[3],"16":[0]},"fnMap":{"0":{"name":"formatValue","decl":{"start":{"line":1,"column":21},"end":{"line":9,"column":4}},"loc":{"start":{"line":1,"column":21},"end":{"line":9,"column":4}},"line":1},"1":{"name":"buildPath","decl":{"start":{"line":11,"column":20},"end":{"line":12,"column":47}},"loc":{"start":{"line":11,"column":20},"end":{"line":12,"column":47}},"line":11},"2":{"name":"formatPlain","decl":{"start":{"line":14,"column":22},"end":{"line":35,"column":4}},"loc":{"start":{"line":14,"column":22},"end":{"line":35,"column":4}},"line":14}},"f":{"0":13,"1":18,"2":5}}
,"/home/marina/hexlet/frontend-project/src/formatters/stylish.js": {"path":"/home/marina/hexlet/frontend-project/src/formatters/stylish.js","all":false,"statementMap":{"0":{"start":{"line":1,"column":0},"end":{"line":1,"column":23}},"1":{"start":{"line":2,"column":0},"end":{"line":2,"column":0}},"2":{"start":{"line":3,"column":0},"end":{"line":3,"column":49}},"3":{"start":{"line":4,"column":0},"end":{"line":4,"column":31}},"4":{"start":{"line":5,"column":0},"end":{"line":5,"column":44}},"5":{"start":{"line":6,"column":0},"end":{"line":6,"column":69}},"6":{"start":{"line":7,"column":0},"end":{"line":7,"column":6}},"7":{"start":{"line":8,"column":0},"end":{"line":8,"column":48}},"8":{"start":{"line":9,"column":0},"end":{"line":9,"column":3}},"9":{"start":{"line":10,"column":0},"end":{"line":10,"column":31}},"10":{"start":{"line":11,"column":0},"end":{"line":11,"column":15}},"11":{"start":{"line":12,"column":0},"end":{"line":12,"column":2}},"12":{"start":{"line":13,"column":0},"end":{"line":13,"column":0}},"13":{"start":{"line":14,"column":0},"end":{"line":14,"column":48}},"14":{"start":{"line":15,"column":0},"end":{"line":15,"column":40}},"15":{"start":{"line":16,"column":0},"end":{"line":16,"column":44}},"16":{"start":{"line":17,"column":0},"end":{"line":17,"column":71}},"17":{"start":{"line":18,"column":0},"end":{"line":18,"column":6}},"18":{"start":{"line":19,"column":0},"end":{"line":19,"column":0}},"19":{"start":{"line":20,"column":0},"end":{"line":20,"column":24}},"20":{"start":{"line":21,"column":0},"end":{"line":21,"column":19}},"21":{"start":{"line":22,"column":0},"end":{"line":22,"column":51}},"22":{"start":{"line":23,"column":0},"end":{"line":23,"column":21}},"23":{"start":{"line":24,"column":0},"end":{"line":24,"column":51}},"24":{"start":{"line":25,"column":0},"end":{"line":25,"column":21}},"25":{"start":{"line":26,"column":0},"end":{"line":26,"column":16}},"26":{"start":{"line":27,"column":0},"end":{"line":27,"column":49}},"27":{"start":{"line":28,"column":0},"end":{"line":28,"column":49}},"28":{"start":{"line":29,"column":0},"end":{"line":29,"column":10}},"29":{"start":{"line":30,"column":0},"end":{"line":30,"column":20}},"30":{"start":{"line":31,"column":0},"end":{"line":31,"column":90}},"31":{"start":{"line":32,"column":0},"end":{"line":32,"column":23}},"32":{"start":{"line":33,"column":0},"end":{"line":33,"column":51}},"33":{"start":{"line":34,"column":0},"end":{"line":34,"column":14}},"34":{"start":{"line":35,"column":0},"end":{"line":35,"column":54}},"35":{"start":{"line":36,"column":0},"end":{"line":36,"column":5}},"36":{"start":{"line":37,"column":0},"end":{"line":37,"column":5}},"37":{"start":{"line":38,"column":0},"end":{"line":38,"column":0}},"38":{"start":{"line":39,"column":0},"end":{"line":39,"column":52}},"39":{"start":{"line":40,"column":0},"end":{"line":40,"column":37}},"40":{"start":{"line":41,"column":0},"end":{"line":41,"column":2}},"41":{"start":{"line":42,"column":0},"end":{"line":42,"column":0}},"42":{"start":{"line":43,"column":0},"end":{"line":43,"column":29}}},"s":{"0":1,"1":1,"2":1,"3":27,"4":7,"5":7,"6":7,"7":7,"8":7,"9":27,"10":19,"11":19,"12":1,"13":1,"14":5,"15":18,"16":18,"17":18,"18":18,"19":18,"20":18,"21":5,"22":18,"23":2,"24":18,"25":4,"26":4,"27":4,"28":4,"29":18,"30":4,"31":18,"32":3,"33":18,"34":0,"35":18,"36":5,"37":5,"38":5,"39":5,"40":5,"41":1,"42":1},"branchMap":{"0":{"type":"branch","line":3,"loc":{"start":{"line":3,"column":20},"end":{"line":12,"column":2}},"locations":[{"start":{"line":3,"column":20},"end":{"line":12,"column":2}}]},"1":{"type":"branch","line":4,"loc":{"start":{"line":4,"column":30},"end":{"line":9,"column":3}},"locations":[{"start":{"line":4,"column":30},"end":{"line":9,"column":3}}]},"2":{"type":"branch","line":9,"loc":{"start":{"line":9,"column":2},"end":{"line":10,"column":20}},"locations":[{"start":{"line":9,"column":2},"end":{"line":10,"column":20}}]},"3":{"type":"branch","line":10,"loc":{"start":{"line":10,"column":20},"end":{"line":10,"column":31}},"locations":[{"start":{"line":10,"column":20},"end":{"line":10,"column":31}}]},"4":{"type":"branch","line":10,"loc":{"start":{"line":10,"column":30},"end":{"line":12,"column":2}},"locations":[{"start":{"line":10,"column":30},"end":{"line":12,"column":2}}]},"5":{"type":"branch","line":6,"loc":{"start":{"line":6,"column":6},"end":{"line":6,"column":69}},"locations":[{"start":{"line":6,"column":6},"end":{"line":6,"column":69}}]},"6":{"type":"branch","line":14,"loc":{"start":{"line":14,"column":22},"end":{"line":41,"column":2}},"locations":[{"start":{"line":14,"column":22},"end":{"line":41,"column":2}}]},"7":{"type":"branch","line":15,"loc":{"start":{"line":15,"column":30},"end":{"line":37,"column":3}},"locations":[{"start":{"line":15,"column":30},"end":{"line":37,"column":3}}]},"8":{"type":"branch","line":21,"loc":{"start":{"line":21,"column":6},"end":{"line":22,"column":51}},"locations":[{"start":{"line":21,"column":6},"end":{"line":22,"column":51}}]},"9":{"type":"branch","line":23,"loc":{"start":{"line":23,"column":6},"end":{"line":24,"column":51}},"locations":[{"start":{"line":23,"column":6},"end":{"line":24,"column":51}}]},"10":{"type":"branch","line":25,"loc":{"start":{"line":25,"column":6},"end":{"line":29,"column":10}},"locations":[{"start":{"line":25,"column":6},"end":{"line":29,"column":10}}]},"11":{"type":"branch","line":30,"loc":{"start":{"line":30,"column":6},"end":{"line":31,"column":90}},"locations":[{"start":{"line":30,"column":6},"end":{"line":31,"column":90}}]},"12":{"type":"branch","line":32,"loc":{"start":{"line":32,"column":6},"end":{"line":33,"column":51}},"locations":[{"start":{"line":32,"column":6},"end":{"line":33,"column":51}}]},"13":{"type":"branch","line":34,"loc":{"start":{"line":34,"column":6},"end":{"line":35,"column":54}},"locations":[{"start":{"line":34,"column":6},"end":{"line":35,"column":54}}]},"14":{"type":"branch","line":16,"loc":{"start":{"line":16,"column":21},"end":{"line":17,"column":71}},"locations":[{"start":{"line":16,"column":21},"end":{"line":17,"column":71}}]}},"b":{"0":[27],"1":[7],"2":[20],"3":[1],"4":[19],"5":[9],"6":[5],"7":[18],"8":[5],"9":[2],"10":[4],"11":[4],"12":[3],"13":[0],"14":[18]},"fnMap":{"0":{"name":"formatValue","decl":{"start":{"line":3,"column":20},"end":{"line":12,"column":2}},"loc":{"start":{"line":3,"column":20},"end":{"line":12,"column":2}},"line":3},"1":{"name":"formatStylish","decl":{"start":{"line":14,"column":22},"end":{"line":41,"column":2}},"loc":{"start":{"line":14,"column":22},"end":{"line":41,"column":2}},"line":14},"2":{"name":"makeLine","decl":{"start":{"line":16,"column":21},"end":{"line":17,"column":71}},"loc":{"start":{"line":16,"column":21},"end":{"line":17,"column":71}},"line":16}},"f":{"0":27,"1":5,"2":18}}
}
