{"/home/marina/hexlet/frontend-project/src/index.js": {"path":"/home/marina/hexlet/frontend-project/src/index.js","statementMap":{"0":{"start":{"line":7,"column":24},"end":{"line":16,"column":1}},"1":{"start":{"line":8,"column":23},"end":{"line":8,"column":73}},"2":{"start":{"line":9,"column":2},"end":{"line":11,"column":3}},"3":{"start":{"line":10,"column":4},"end":{"line":10,"column":24}},"4":{"start":{"line":12,"column":2},"end":{"line":14,"column":3}},"5":{"start":{"line":13,"column":4},"end":{"line":13,"column":20}},"6":{"start":{"line":15,"column":2},"end":{"line":15,"column":51}},"7":{"start":{"line":18,"column":22},"end":{"line":18,"column":67}},"8":{"start":{"line":18,"column":36},"end":{"line":18,"column":67}},"9":{"start":{"line":20,"column":17},"end":{"line":24,"column":1}},"10":{"start":{"line":21,"column":18},"end":{"line":21,"column":51}},"11":{"start":{"line":22,"column":17},"end":{"line":22,"column":40}},"12":{"start":{"line":23,"column":2},"end":{"line":23,"column":32}},"13":{"start":{"line":26,"column":18},"end":{"line":49,"column":1}},"14":{"start":{"line":27,"column":15},"end":{"line":27,"column":59}},"15":{"start":{"line":29,"column":2},"end":{"line":48,"column":5}},"16":{"start":{"line":30,"column":4},"end":{"line":32,"column":5}},"17":{"start":{"line":31,"column":6},"end":{"line":31,"column":57}},"18":{"start":{"line":33,"column":4},"end":{"line":35,"column":5}},"19":{"start":{"line":34,"column":6},"end":{"line":34,"column":55}},"20":{"start":{"line":36,"column":4},"end":{"line":38,"column":5}},"21":{"start":{"line":37,"column":6},"end":{"line":37,"column":59}},"22":{"start":{"line":39,"column":4},"end":{"line":41,"column":5}},"23":{"start":{"line":40,"column":6},"end":{"line":40,"column":82}},"24":{"start":{"line":42,"column":4},"end":{"line":47,"column":6}},"25":{"start":{"line":52,"column":2},"end":{"line":64,"column":3}},"26":{"start":{"line":53,"column":26},"end":{"line":53,"column":52}},"27":{"start":{"line":54,"column":26},"end":{"line":54,"column":52}},"28":{"start":{"line":56,"column":18},"end":{"line":56,"column":41}},"29":{"start":{"line":57,"column":18},"end":{"line":57,"column":41}},"30":{"start":{"line":59,"column":17},"end":{"line":59,"column":40}},"31":{"start":{"line":60,"column":4},"end":{"line":60,"column":40}},"32":{"start":{"line":62,"column":4},"end":{"line":62,"column":33}},"33":{"start":{"line":63,"column":4},"end":{"line":63,"column":20}}},"fnMap":{"0":{"name":"(anonymous_0)","decl":{"start":{"line":7,"column":24},"end":{"line":7,"column":25}},"loc":{"start":{"line":7,"column":38},"end":{"line":16,"column":1}},"line":7},"1":{"name":"(anonymous_1)","decl":{"start":{"line":18,"column":22},"end":{"line":18,"column":23}},"loc":{"start":{"line":18,"column":36},"end":{"line":18,"column":67}},"line":18},"2":{"name":"(anonymous_2)","decl":{"start":{"line":20,"column":17},"end":{"line":20,"column":18}},"loc":{"start":{"line":20,"column":31},"end":{"line":24,"column":1}},"line":20},"3":{"name":"(anonymous_3)","decl":{"start":{"line":26,"column":18},"end":{"line":26,"column":19}},"loc":{"start":{"line":26,"column":36},"end":{"line":49,"column":1}},"line":26},"4":{"name":"(anonymous_4)","decl":{"start":{"line":29,"column":18},"end":{"line":29,"column":19}},"loc":{"start":{"line":29,"column":27},"end":{"line":48,"column":3}},"line":29},"5":{"name":"(anonymous_5)","decl":{"start":{"line":51,"column":15},"end":{"line":51,"column":16}},"loc":{"start":{"line":51,"column":65},"end":{"line":65,"column":1}},"line":51}},"branchMap":{"0":{"loc":{"start":{"line":9,"column":2},"end":{"line":11,"column":3}},"type":"if","locations":[{"start":{"line":9,"column":2},"end":{"line":11,"column":3}},{"start":{},"end":{}}],"line":9},"1":{"loc":{"start":{"line":12,"column":2},"end":{"line":14,"column":3}},"type":"if","locations":[{"start":{"line":12,"column":2},"end":{"line":14,"column":3}},{"start":{},"end":{}}],"line":12},"2":{"loc":{"start":{"line":30,"column":4},"end":{"line":32,"column":5}},"type":"if","locations":[{"start":{"line":30,"column":4},"end":{"line":32,"column":5}},{"start":{},"end":{}}],"line":30},"3":{"loc":{"start":{"line":33,"column":4},"end":{"line":35,"column":5}},"type":"if","locations":[{"start":{"line":33,"column":4},"end":{"line":35,"column":5}},{"start":{},"end":{}}],"line":33},"4":{"loc":{"start":{"line":36,"column":4},"end":{"line":38,"column":5}},"type":"if","locations":[{"start":{"line":36,"column":4},"end":{"line":38,"column":5}},{"start":{},"end":{}}],"line":36},"5":{"loc":{"start":{"line":39,"column":4},"end":{"line":41,"column":5}},"type":"if","locations":[{"start":{"line":39,"column":4},"end":{"line":41,"column":5}},{"start":{},"end":{}}],"line":39},"6":{"loc":{"start":{"line":39,"column":8},"end":{"line":39,"column":66}},"type":"binary-expr","locations":[{"start":{"line":39,"column":8},"end":{"line":39,"column":35}},{"start":{"line":39,"column":39},"end":{"line":39,"column":66}}],"line":39},"7":{"loc":{"start":{"line":51,"column":38},"end":{"line":51,"column":60}},"type":"default-arg","locations":[{"start":{"line":51,"column":51},"end":{"line":51,"column":60}}],"line":51}},"s":{"0":1,"1":6,"2":6,"3":0,"4":6,"5":6,"6":0,"7":1,"8":6,"9":1,"10":6,"11":6,"12":6,"13":1,"14":15,"15":15,"16":54,"17":6,"18":48,"19":15,"20":33,"21":9,"22":24,"23":12,"24":12,"25":3,"26":3,"27":3,"28":3,"29":3,"30":3,"31":3,"32":0,"33":0},"f":{"0":6,"1":6,"2":6,"3":15,"4":54,"5":3},"b":{"0":[0,6],"1":[6,0],"2":[6,48],"3":[15,33],"4":[9,24],"5":[12,12],"6":[24,15],"7":[0]},"_coverageSchema":"1a1c01bbd47fc00a2c39e90264f33305004495a9","hash":"f39f1821185ca60653dfb92d55afe2f33535074e"}
,"/home/marina/hexlet/frontend-project/src/parsers.js": {"path":"/home/marina/hexlet/frontend-project/src/parsers.js","statementMap":{"0":{"start":{"line":3,"column":16},"end":{"line":7,"column":1}},"1":{"start":{"line":10,"column":2},"end":{"line":14,"column":3}},"2":{"start":{"line":11,"column":4},"end":{"line":11,"column":34}},"3":{"start":{"line":13,"column":4},"end":{"line":13,"column":46}}},"fnMap":{"0":{"name":"(anonymous_0)","decl":{"start":{"line":9,"column":15},"end":{"line":9,"column":16}},"loc":{"start":{"line":9,"column":34},"end":{"line":15,"column":1}},"line":9}},"branchMap":{},"s":{"0":1,"1":6,"2":6,"3":0},"f":{"0":6},"b":{},"_coverageSchema":"1a1c01bbd47fc00a2c39e90264f33305004495a9","hash":"c5240b8437d5053d33096564dae7f061ca26e67a"}
,"/home/marina/hexlet/frontend-project/src/formatters/index.js": {"path":"/home/marina/hexlet/frontend-project/src/formatters/index.js","statementMap":{"0":{"start":{"line":5,"column":19},"end":{"line":9,"column":1}},"1":{"start":{"line":12,"column":20},"end":{"line":12,"column":42}},"2":{"start":{"line":13,"column":2},"end":{"line":15,"column":3}},"3":{"start":{"line":14,"column":4},"end":{"line":14,"column":53}},"4":{"start":{"line":16,"column":2},"end":{"line":16,"column":25}}},"fnMap":{"0":{"name":"(anonymous_0)","decl":{"start":{"line":11,"column":15},"end":{"line":11,"column":16}},"loc":{"start":{"line":11,"column":49},"end":{"line":17,"column":1}},"line":11}},"branchMap":{"0":{"loc":{"start":{"line":11,"column":22},"end":{"line":11,"column":44}},"type":"default-arg","locations":[{"start":{"line":11,"column":35},"end":{"line":11,"column":44}}],"line":11},"1":{"loc":{"start":{"line":13,"column":2},"end":{"line":15,"column":3}},"type":"if","locations":[{"start":{"line":13,"column":2},"end":{"line":15,"column":3}},{"start":{},"end":{}}],"line":13}},"s":{"0":1,"1":3,"2":3,"3":0,"4":3},"f":{"0":3},"b":{"0":[0],"1":[0,3]},"_coverageSchema":"1a1c01bbd47fc00a2c39e90264f33305004495a9","hash":"c208aa34fa0fe87ea0e8309d98678bbf8651b355"}
,"/home/marina/hexlet/frontend-project/src/formatters/json.js": {"path":"/home/marina/hexlet/frontend-project/src/formatters/json.js","statementMap":{"0":{"start":{"line":1,"column":19},"end":{"line":23,"column":3}},"1":{"start":{"line":2,"column":26},"end":{"line":20,"column":6}},"2":{"start":{"line":2,"column":37},"end":{"line":20,"column":6}},"3":{"start":{"line":3,"column":28},"end":{"line":3,"column":32}},"4":{"start":{"line":4,"column":19},"end":{"line":4,"column":32}},"5":{"start":{"line":6,"column":6},"end":{"line":19,"column":7}},"6":{"start":{"line":8,"column":10},"end":{"line":8,"column":69}},"7":{"start":{"line":10,"column":10},"end":{"line":10,"column":48}},"8":{"start":{"line":12,"column":10},"end":{"line":12,"column":48}},"9":{"start":{"line":14,"column":10},"end":{"line":14,"column":79}},"10":{"start":{"line":16,"column":10},"end":{"line":16,"column":48}},"11":{"start":{"line":18,"column":10},"end":{"line":18,"column":51}},"12":{"start":{"line":22,"column":4},"end":{"line":22,"column":56}}},"fnMap":{"0":{"name":"(anonymous_0)","decl":{"start":{"line":1,"column":19},"end":{"line":1,"column":20}},"loc":{"start":{"line":1,"column":29},"end":{"line":23,"column":3}},"line":1},"1":{"name":"(anonymous_1)","decl":{"start":{"line":2,"column":26},"end":{"line":2,"column":27}},"loc":{"start":{"line":2,"column":37},"end":{"line":20,"column":6}},"line":2},"2":{"name":"(anonymous_2)","decl":{"start":{"line":2,"column":47},"end":{"line":2,"column":48}},"loc":{"start":{"line":2,"column":57},"end":{"line":20,"column":5}},"line":2}},"branchMap":{"0":{"loc":{"start":{"line":6,"column":6},"end":{"line":19,"column":7}},"type":"switch","locations":[{"start":{"line":7,"column":8},"end":{"line":8,"column":69}},{"start":{"line":9,"column":8},"end":{"line":10,"column":48}},{"start":{"line":11,"column":8},"end":{"line":12,"column":48}},{"start":{"line":13,"column":8},"end":{"line":14,"column":79}},{"start":{"line":15,"column":8},"end":{"line":16,"column":48}},{"start":{"line":17,"column":8},"end":{"line":18,"column":51}}],"line":6}},"s":{"0":1,"1":1,"2":5,"3":18,"4":18,"5":18,"6":4,"7":5,"8":2,"9":4,"10":3,"11":0,"12":1},"f":{"0":1,"1":5,"2":18},"b":{"0":[4,5,2,4,3,0]},"_coverageSchema":"1a1c01bbd47fc00a2c39e90264f33305004495a9","hash":"dcb9481137bb852db255a332fdccbc9f40ce6532"}
,"/home/marina/hexlet/frontend-project/src/formatters/plain.js": {"path":"/home/marina/hexlet/frontend-project/src/formatters/plain.js","statementMap":{"0":{"start":{"line":1,"column":20},"end":{"line":9,"column":3}},"1":{"start":{"line":2,"column":4},"end":{"line":4,"column":5}},"2":{"start":{"line":3,"column":6},"end":{"line":3,"column":31}},"3":{"start":{"line":5,"column":4},"end":{"line":7,"column":5}},"4":{"start":{"line":6,"column":6},"end":{"line":6,"column":26}},"5":{"start":{"line":8,"column":4},"end":{"line":8,"column":25}},"6":{"start":{"line":11,"column":20},"end":{"line":12,"column":47}},"7":{"start":{"line":12,"column":4},"end":{"line":12,"column":47}},"8":{"start":{"line":14,"column":22},"end":{"line":35,"column":3}},"9":{"start":{"line":15,"column":18},"end":{"line":32,"column":6}},"10":{"start":{"line":16,"column":26},"end":{"line":16,"column":57}},"11":{"start":{"line":18,"column":6},"end":{"line":31,"column":7}},"12":{"start":{"line":20,"column":10},"end":{"line":20,"column":94}},"13":{"start":{"line":22,"column":10},"end":{"line":22,"column":57}},"14":{"start":{"line":24,"column":10},"end":{"line":24,"column":126}},"15":{"start":{"line":26,"column":10},"end":{"line":26,"column":57}},"16":{"start":{"line":28,"column":10},"end":{"line":28,"column":20}},"17":{"start":{"line":30,"column":10},"end":{"line":30,"column":56}},"18":{"start":{"line":34,"column":4},"end":{"line":34,"column":28}}},"fnMap":{"0":{"name":"(anonymous_0)","decl":{"start":{"line":1,"column":20},"end":{"line":1,"column":21}},"loc":{"start":{"line":1,"column":31},"end":{"line":9,"column":3}},"line":1},"1":{"name":"(anonymous_1)","decl":{"start":{"line":11,"column":20},"end":{"line":11,"column":21}},"loc":{"start":{"line":12,"column":4},"end":{"line":12,"column":47}},"line":12},"2":{"name":"(anonymous_2)","decl":{"start":{"line":14,"column":22},"end":{"line":14,"column":23}},"loc":{"start":{"line":14,"column":49},"end":{"line":35,"column":3}},"line":14},"3":{"name":"(anonymous_3)","decl":{"start":{"line":15,"column":31},"end":{"line":15,"column":32}},"loc":{"start":{"line":15,"column":41},"end":{"line":32,"column":5}},"line":15}},"branchMap":{"0":{"loc":{"start":{"line":2,"column":4},"end":{"line":4,"column":5}},"type":"if","locations":[{"start":{"line":2,"column":4},"end":{"line":4,"column":5}},{"start":{},"end":{}}],"line":2},"1":{"loc":{"start":{"line":2,"column":8},"end":{"line":2,"column":51}},"type":"binary-expr","locations":[{"start":{"line":2,"column":8},"end":{"line":2,"column":33}},{"start":{"line":2,"column":37},"end":{"line":2,"column":51}}],"line":2},"2":{"loc":{"start":{"line":5,"column":4},"end":{"line":7,"column":5}},"type":"if","locations":[{"start":{"line":5,"column":4},"end":{"line":7,"column":5}},{"start":{},"end":{}}],"line":5},"3":{"loc":{"start":{"line":12,"column":4},"end":{"line":12,"column":47}},"type":"cond-expr","locations":[{"start":{"line":12,"column":18},"end":{"line":12,"column":41}},{"start":{"line":12,"column":44},"end":{"line":12,"column":47}}],"line":12},"4":{"loc":{"start":{"line":14,"column":29},"end":{"line":14,"column":44}},"type":"default-arg","locations":[{"start":{"line":14,"column":42},"end":{"line":14,"column":44}}],"line":14},"5":{"loc":{"start":{"line":18,"column":6},"end":{"line":31,"column":7}},"type":"switch","locations":[{"start":{"line":19,"column":8},"end":{"line":20,"column":94}},{"start":{"line":21,"column":8},"end":{"line":22,"column":57}},{"start":{"line":23,"column":8},"end":{"line":24,"column":126}},{"start":{"line":25,"column":8},"end":{"line":26,"column":57}},{"start":{"line":27,"column":8},"end":{"line":28,"column":20}},{"start":{"line":29,"column":8},"end":{"line":30,"column":56}}],"line":18}},"s":{"0":1,"1":13,"2":3,"3":10,"4":7,"5":3,"6":1,"7":18,"8":1,"9":5,"10":18,"11":18,"12":5,"13":2,"14":4,"15":4,"16":3,"17":0,"18":5},"f":{"0":13,"1":18,"2":5,"3":18},"b":{"0":[3,10],"1":[13,4],"2":[7,3],"3":[14,4],"4":[1],"5":[5,2,4,4,3,0]},"_coverageSchema":"1a1c01bbd47fc00a2c39e90264f33305004495a9","hash":"ec81f86f499aab1a730a4d2a871d0dd872ba0eee"}
,"/home/marina/hexlet/frontend-project/src/formatters/stylish.js": {"path":"/home/marina/hexlet/frontend-project/src/formatters/stylish.js","statementMap":{"0":{"start":{"line":3,"column":20},"end":{"line":12,"column":1}},"1":{"start":{"line":4,"column":2},"end":{"line":9,"column":3}},"2":{"start":{"line":5,"column":18},"end":{"line":7,"column":5}},"3":{"start":{"line":6,"column":18},"end":{"line":6,"column":69}},"4":{"start":{"line":8,"column":4},"end":{"line":8,"column":48}},"5":{"start":{"line":10,"column":2},"end":{"line":10,"column":31}},"6":{"start":{"line":10,"column":20},"end":{"line":10,"column":31}},"7":{"start":{"line":11,"column":2},"end":{"line":11,"column":15}},"8":{"start":{"line":14,"column":22},"end":{"line":41,"column":1}},"9":{"start":{"line":15,"column":16},"end":{"line":37,"column":4}},"10":{"start":{"line":16,"column":21},"end":{"line":18,"column":5}},"11":{"start":{"line":17,"column":6},"end":{"line":17,"column":71}},"12":{"start":{"line":20,"column":4},"end":{"line":36,"column":5}},"13":{"start":{"line":22,"column":8},"end":{"line":22,"column":51}},"14":{"start":{"line":24,"column":8},"end":{"line":24,"column":51}},"15":{"start":{"line":26,"column":8},"end":{"line":29,"column":10}},"16":{"start":{"line":31,"column":8},"end":{"line":31,"column":90}},"17":{"start":{"line":33,"column":8},"end":{"line":33,"column":51}},"18":{"start":{"line":35,"column":8},"end":{"line":35,"column":54}},"19":{"start":{"line":40,"column":2},"end":{"line":40,"column":37}}},"fnMap":{"0":{"name":"(anonymous_0)","decl":{"start":{"line":3,"column":20},"end":{"line":3,"column":21}},"loc":{"start":{"line":3,"column":48},"end":{"line":12,"column":1}},"line":3},"1":{"name":"(anonymous_1)","decl":{"start":{"line":6,"column":6},"end":{"line":6,"column":7}},"loc":{"start":{"line":6,"column":18},"end":{"line":6,"column":69}},"line":6},"2":{"name":"(anonymous_2)","decl":{"start":{"line":14,"column":22},"end":{"line":14,"column":23}},"loc":{"start":{"line":14,"column":47},"end":{"line":41,"column":1}},"line":14},"3":{"name":"(anonymous_3)","decl":{"start":{"line":15,"column":29},"end":{"line":15,"column":30}},"loc":{"start":{"line":15,"column":39},"end":{"line":37,"column":3}},"line":15},"4":{"name":"(anonymous_4)","decl":{"start":{"line":16,"column":21},"end":{"line":16,"column":22}},"loc":{"start":{"line":17,"column":6},"end":{"line":17,"column":71}},"line":17}},"branchMap":{"0":{"loc":{"start":{"line":3,"column":28},"end":{"line":3,"column":43}},"type":"default-arg","locations":[{"start":{"line":3,"column":37},"end":{"line":3,"column":43}}],"line":3},"1":{"loc":{"start":{"line":4,"column":2},"end":{"line":9,"column":3}},"type":"if","locations":[{"start":{"line":4,"column":2},"end":{"line":9,"column":3}},{"start":{},"end":{}}],"line":4},"2":{"loc":{"start":{"line":10,"column":2},"end":{"line":10,"column":31}},"type":"if","locations":[{"start":{"line":10,"column":2},"end":{"line":10,"column":31}},{"start":{},"end":{}}],"line":10},"3":{"loc":{"start":{"line":14,"column":29},"end":{"line":14,"column":42}},"type":"default-arg","locations":[{"start":{"line":14,"column":38},"end":{"line":14,"column":42}}],"line":14},"4":{"loc":{"start":{"line":20,"column":4},"end":{"line":36,"column":5}},"type":"switch","locations":[{"start":{"line":21,"column":6},"end":{"line":22,"column":51}},{"start":{"line":23,"column":6},"end":{"line":24,"column":51}},{"start":{"line":25,"column":6},"end":{"line":29,"column":10}},{"start":{"line":30,"column":6},"end":{"line":31,"column":90}},{"start":{"line":32,"column":6},"end":{"line":33,"column":51}},{"start":{"line":34,"column":6},"end":{"line":35,"column":54}}],"line":20}},"s":{"0":1,"1":27,"2":7,"3":9,"4":7,"5":20,"6":1,"7":19,"8":1,"9":5,"10":18,"11":18,"12":18,"13":5,"14":2,"15":4,"16":4,"17":3,"18":0,"19":5},"f":{"0":27,"1":9,"2":5,"3":18,"4":18},"b":{"0":[0],"1":[7,20],"2":[1,19],"3":[1],"4":[5,2,4,4,3,0]},"_coverageSchema":"1a1c01bbd47fc00a2c39e90264f33305004495a9","hash":"c02bd717e6833ddfd047b1a25c1d5157e040ed40"}
}
