TN:
SF:src/index.js
FN:7,(anonymous_0)
FN:18,(anonymous_1)
FN:20,(anonymous_2)
FN:26,(anonymous_3)
FN:29,(anonymous_4)
FN:51,(anonymous_5)
FNF:6
FNH:6
FNDA:6,(anonymous_0)
FNDA:6,(anonymous_1)
FNDA:6,(anonymous_2)
FNDA:15,(anonymous_3)
FNDA:54,(anonymous_4)
FNDA:3,(anonymous_5)
DA:7,1
DA:8,6
DA:9,6
DA:10,0
DA:12,6
DA:13,6
DA:15,0
DA:18,6
DA:20,1
DA:21,6
DA:22,6
DA:23,6
DA:26,1
DA:27,15
DA:29,15
DA:30,54
DA:31,6
DA:33,48
DA:34,15
DA:36,33
DA:37,9
DA:39,24
DA:40,12
DA:42,12
DA:52,3
DA:53,3
DA:54,3
DA:56,3
DA:57,3
DA:59,3
DA:60,3
DA:62,0
DA:63,0
LF:33
LH:29
BRDA:9,0,0,0
BRDA:9,0,1,6
BRDA:12,1,0,6
BRDA:12,1,1,0
BRDA:30,2,0,6
BRDA:30,2,1,48
BRDA:33,3,0,15
BRDA:33,3,1,33
BRDA:36,4,0,9
BRDA:36,4,1,24
BRDA:39,5,0,12
BRDA:39,5,1,12
BRDA:39,6,0,24
BRDA:39,6,1,15
BRDA:51,7,0,0
BRF:15
BRH:12
end_of_record
TN:
SF:src/parsers.js
FN:9,(anonymous_0)
FNF:1
FNH:1
FNDA:6,(anonymous_0)
DA:3,1
DA:10,6
DA:11,6
DA:13,0
LF:4
LH:3
BRF:0
BRH:0
end_of_record
TN:
SF:src/formatters/index.js
FN:11,(anonymous_0)
FNF:1
FNH:1
FNDA:3,(anonymous_0)
DA:5,1
DA:12,3
DA:13,3
DA:14,0
DA:16,3
LF:5
LH:4
BRDA:11,0,0,0
BRDA:13,1,0,0
BRDA:13,1,1,3
BRF:3
BRH:1
end_of_record
TN:
SF:src/formatters/json.js
FN:1,(anonymous_0)
FN:2,(anonymous_1)
FN:2,(anonymous_2)
FNF:3
FNH:3
FNDA:1,(anonymous_0)
FNDA:5,(anonymous_1)
FNDA:18,(anonymous_2)
DA:1,1
DA:2,5
DA:3,18
DA:4,18
DA:6,18
DA:8,4
DA:10,5
DA:12,2
DA:14,4
DA:16,3
DA:18,0
DA:22,1
LF:12
LH:11
BRDA:6,0,0,4
BRDA:6,0,1,5
BRDA:6,0,2,2
BRDA:6,0,3,4
BRDA:6,0,4,3
BRDA:6,0,5,0
BRF:6
BRH:5
end_of_record
TN:
SF:src/formatters/plain.js
FN:1,(anonymous_0)
FN:11,(anonymous_1)
FN:14,(anonymous_2)
FN:15,(anonymous_3)
FNF:4
FNH:4
FNDA:13,(anonymous_0)
FNDA:18,(anonymous_1)
FNDA:5,(anonymous_2)
FNDA:18,(anonymous_3)
DA:1,1
DA:2,13
DA:3,3
DA:5,10
DA:6,7
DA:8,3
DA:11,1
DA:12,18
DA:14,1
DA:15,5
DA:16,18
DA:18,18
DA:20,5
DA:22,2
DA:24,4
DA:26,4
DA:28,3
DA:30,0
DA:34,5
LF:19
LH:18
BRDA:2,0,0,3
BRDA:2,0,1,10
BRDA:2,1,0,13
BRDA:2,1,1,4
BRDA:5,2,0,7
BRDA:5,2,1,3
BRDA:12,3,0,14
BRDA:12,3,1,4
BRDA:14,4,0,1
BRDA:18,5,0,5
BRDA:18,5,1,2
BRDA:18,5,2,4
BRDA:18,5,3,4
BRDA:18,5,4,3
BRDA:18,5,5,0
BRF:15
BRH:14
end_of_record
TN:
SF:src/formatters/stylish.js
FN:3,(anonymous_0)
FN:6,(anonymous_1)
FN:14,(anonymous_2)
FN:15,(anonymous_3)
FN:16,(anonymous_4)
FNF:5
FNH:5
FNDA:27,(anonymous_0)
FNDA:9,(anonymous_1)
FNDA:5,(anonymous_2)
FNDA:18,(anonymous_3)
FNDA:18,(anonymous_4)
DA:3,1
DA:4,27
DA:5,7
DA:6,9
DA:8,7
DA:10,20
DA:11,19
DA:14,1
DA:15,5
DA:16,18
DA:17,18
DA:20,18
DA:22,5
DA:24,2
DA:26,4
DA:31,4
DA:33,3
DA:35,0
DA:40,5
LF:19
LH:18
BRDA:3,0,0,0
BRDA:4,1,0,7
BRDA:4,1,1,20
BRDA:10,2,0,1
BRDA:10,2,1,19
BRDA:14,3,0,1
BRDA:20,4,0,5
BRDA:20,4,1,2
BRDA:20,4,2,4
BRDA:20,4,3,4
BRDA:20,4,4,3
BRDA:20,4,5,0
BRF:12
BRH:10
end_of_record
