TN:
SF:src/index.js
FN:7,getAbsolutePath
FN:18,getFileFormat
FN:20,readFile
FN:26,buildDiff
FN:51,default
FNF:5
FNH:5
FNDA:6,getAbsolutePath
FNDA:6,getFileFormat
FNDA:6,readFile
FNDA:15,buildDiff
FNDA:3,default
DA:1,1
DA:2,1
DA:3,1
DA:4,1
DA:5,1
DA:6,1
DA:7,1
DA:8,6
DA:9,6
DA:10,0
DA:11,0
DA:12,6
DA:13,6
DA:14,6
DA:15,0
DA:16,0
DA:17,1
DA:18,1
DA:19,1
DA:20,1
DA:21,6
DA:22,6
DA:23,6
DA:24,6
DA:25,1
DA:26,1
DA:27,15
DA:28,15
DA:29,15
DA:30,54
DA:31,6
DA:32,6
DA:33,54
DA:34,15
DA:35,15
DA:36,54
DA:37,9
DA:38,9
DA:39,54
DA:40,12
DA:41,12
DA:42,12
DA:43,12
DA:44,12
DA:45,12
DA:46,12
DA:47,12
DA:48,15
DA:49,15
DA:50,1
DA:51,1
DA:52,3
DA:53,3
DA:54,3
DA:55,3
DA:56,3
DA:57,3
DA:58,3
DA:59,3
DA:60,3
DA:61,3
DA:62,0
DA:63,0
DA:64,0
DA:65,3
LF:65
LH:58
BRDA:7,0,0,6
BRDA:9,1,0,0
BRDA:14,2,0,0
BRDA:18,3,0,6
BRDA:20,4,0,6
BRDA:26,5,0,15
BRDA:29,6,0,54
BRDA:30,7,0,6
BRDA:32,8,0,48
BRDA:33,9,0,15
BRDA:35,10,0,33
BRDA:36,11,0,9
BRDA:38,12,0,24
BRDA:39,13,0,15
BRDA:39,14,0,12
BRDA:51,15,0,3
BRDA:61,16,0,0
BRF:17
BRH:14
end_of_record
TN:
SF:src/parsers.js
FN:9,default
FNF:1
FNH:1
FNDA:6,default
DA:1,1
DA:2,1
DA:3,1
DA:4,1
DA:5,1
DA:6,1
DA:7,1
DA:8,1
DA:9,1
DA:10,6
DA:11,6
DA:12,6
DA:13,0
DA:14,0
DA:15,6
LF:15
LH:13
BRDA:9,0,0,6
BRDA:12,1,0,0
BRF:2
BRH:1
end_of_record
TN:
SF:src/formatters/index.js
FN:11,default
FNF:1
FNH:1
FNDA:3,default
DA:1,1
DA:2,1
DA:3,1
DA:4,1
DA:5,1
DA:6,1
DA:7,1
DA:8,1
DA:9,1
DA:10,1
DA:11,1
DA:12,3
DA:13,3
DA:14,0
DA:15,0
DA:16,3
DA:17,3
LF:17
LH:15
BRDA:11,0,0,3
BRDA:13,1,0,0
BRF:2
BRH:1
end_of_record
TN:
SF:src/formatters/json.js
FN:1,formatJson
FN:2,buildJsonDiff
FNF:2
FNH:2
FNDA:1,formatJson
FNDA:5,buildJsonDiff
DA:1,1
DA:2,1
DA:3,18
DA:4,18
DA:5,18
DA:6,18
DA:7,18
DA:8,4
DA:9,18
DA:10,5
DA:11,18
DA:12,2
DA:13,18
DA:14,4
DA:15,18
DA:16,3
DA:17,18
DA:18,0
DA:19,18
DA:20,1
DA:21,1
DA:22,1
DA:23,1
DA:24,1
DA:25,1
LF:25
LH:24
BRDA:1,0,0,1
BRDA:2,1,0,5
BRDA:2,2,0,18
BRDA:7,3,0,4
BRDA:9,4,0,5
BRDA:11,5,0,2
BRDA:13,6,0,4
BRDA:15,7,0,3
BRDA:17,8,0,0
BRF:9
BRH:8
end_of_record
TN:
SF:src/formatters/plain.js
FN:1,formatValue
FN:11,buildPath
FN:14,formatPlain
FNF:3
FNH:3
FNDA:13,formatValue
FNDA:18,buildPath
FNDA:5,formatPlain
DA:1,1
DA:2,13
DA:3,3
DA:4,3
DA:5,13
DA:6,7
DA:7,7
DA:8,3
DA:9,3
DA:10,1
DA:11,1
DA:12,1
DA:13,1
DA:14,1
DA:15,5
DA:16,18
DA:17,18
DA:18,18
DA:19,18
DA:20,5
DA:21,18
DA:22,2
DA:23,18
DA:24,4
DA:25,18
DA:26,4
DA:27,18
DA:28,3
DA:29,18
DA:30,0
DA:31,18
DA:32,5
DA:33,5
DA:34,5
DA:35,5
DA:36,1
DA:37,1
LF:37
LH:36
BRDA:1,0,0,13
BRDA:2,1,0,4
BRDA:2,2,0,3
BRDA:4,3,0,10
BRDA:5,4,0,7
BRDA:7,5,0,3
BRDA:11,6,0,18
BRDA:12,7,0,14
BRDA:12,8,0,4
BRDA:14,9,0,5
BRDA:15,10,0,18
BRDA:19,11,0,5
BRDA:21,12,0,2
BRDA:23,13,0,4
BRDA:25,14,0,4
BRDA:27,15,0,3
BRDA:29,16,0,0
BRF:17
BRH:16
end_of_record
TN:
SF:src/formatters/stylish.js
FN:3,formatValue
FN:14,formatStylish
FN:16,makeLine
FNF:3
FNH:3
FNDA:27,formatValue
FNDA:5,formatStylish
FNDA:18,makeLine
DA:1,1
DA:2,1
DA:3,1
DA:4,27
DA:5,7
DA:6,7
DA:7,7
DA:8,7
DA:9,7
DA:10,27
DA:11,19
DA:12,19
DA:13,1
DA:14,1
DA:15,5
DA:16,18
DA:17,18
DA:18,18
DA:19,18
DA:20,18
DA:21,18
DA:22,5
DA:23,18
DA:24,2
DA:25,18
DA:26,4
DA:27,4
DA:28,4
DA:29,4
DA:30,18
DA:31,4
DA:32,18
DA:33,3
DA:34,18
DA:35,0
DA:36,18
DA:37,5
DA:38,5
DA:39,5
DA:40,5
DA:41,5
DA:42,1
DA:43,1
LF:43
LH:42
BRDA:3,0,0,27
BRDA:4,1,0,7
BRDA:9,2,0,20
BRDA:10,3,0,1
BRDA:10,4,0,19
BRDA:6,5,0,9
BRDA:14,6,0,5
BRDA:15,7,0,18
BRDA:21,8,0,5
BRDA:23,9,0,2
BRDA:25,10,0,4
BRDA:30,11,0,4
BRDA:32,12,0,3
BRDA:34,13,0,0
BRDA:16,14,0,18
BRF:15
BRH:14
end_of_record
